TN:
SF:database/index.js
FN:48,retrieveProductById
FN:51,(anonymous_1)
FN:63,retrieveStylesById
FN:66,(anonymous_3)
FNF:4
FNH:4
FNDA:2,retrieveProductById
FNDA:2,(anonymous_1)
FNDA:2,retrieveStylesById
FNDA:2,(anonymous_3)
DA:1,2
DA:3,2
DA:9,2
DA:27,2
DA:45,2
DA:46,2
DA:50,2
DA:51,2
DA:52,2
DA:53,0
DA:54,0
DA:56,2
DA:58,2
DA:65,2
DA:66,2
DA:67,2
DA:68,1
DA:69,1
DA:71,2
DA:73,1
DA:78,2
LF:21
LH:19
BRDA:52,0,0,0
BRDA:52,0,1,2
BRDA:56,1,0,2
BRDA:56,1,1,0
BRDA:67,2,0,1
BRDA:67,2,1,1
BRDA:71,3,0,1
BRDA:71,3,1,1
BRF:8
BRH:6
end_of_record
TN:
SF:server/index.js
FN:18,(anonymous_0)
FN:22,(anonymous_1)
FN:39,(anonymous_2)
FN:43,(anonymous_3)
FNF:4
FNH:4
FNDA:1,(anonymous_0)
FNDA:1,(anonymous_1)
FNDA:1,(anonymous_2)
FNDA:1,(anonymous_3)
DA:1,1
DA:2,1
DA:4,1
DA:11,1
DA:13,1
DA:14,1
DA:15,1
DA:16,1
DA:18,1
DA:20,1
DA:22,1
DA:23,1
DA:24,0
DA:25,0
DA:26,0
DA:28,1
DA:29,0
DA:30,0
DA:32,1
DA:33,1
DA:39,1
DA:41,1
DA:43,1
DA:44,1
DA:46,0
DA:47,0
DA:49,1
DA:50,0
DA:51,0
DA:53,1
DA:54,1
DA:64,1
LF:32
LH:23
BRDA:23,0,0,0
BRDA:23,0,1,1
BRDA:28,1,0,0
BRDA:28,1,1,1
BRDA:44,2,0,0
BRDA:44,2,1,1
BRDA:49,3,0,0
BRDA:49,3,1,1
BRF:8
BRH:4
end_of_record
